2020-03-23T13:40:44.982Z - info: Website generation started at 9:40:44 PM
2020-03-23T13:40:45.039Z - info: Building assets...
2020-03-23T13:40:45.074Z - info: Assets built
2020-03-23T13:40:45.075Z - info: Generating pages...
2020-03-23T13:40:50.488Z - info: Pages built
2020-03-23T13:40:51.961Z - info: Website generation complete! Total build time: 7s
2020-03-23T13:40:51.987Z - info: Serving "C:\Users\Ze Yu\Desktop\markbind\docs\_site" at http://127.0.0.1:8080
2020-03-23T13:40:51.987Z - info: Press CTRL+C to stop ...
2020-03-23T13:40:51.993Z - info: Site data built
2020-03-23T13:41:41.111Z - info: Website generation started at 9:41:41 PM
2020-03-23T13:41:41.167Z - info: Building assets...
2020-03-23T13:41:41.209Z - info: Assets built
2020-03-23T13:41:41.209Z - info: Generating pages...
2020-03-23T13:41:46.869Z - info: Pages built
2020-03-23T13:41:47.929Z - info: Website generation complete! Total build time: 6.844s
2020-03-23T13:41:47.929Z - info: Build success!
2020-03-23T13:41:47.931Z - info: Site data built
2020-03-23T13:42:44.398Z - info: Website generation started at 9:42:44 PM
2020-03-23T13:42:44.453Z - info: Building assets...
2020-03-23T13:42:44.495Z - info: Assets built
2020-03-23T13:42:44.496Z - info: Generating pages...
2020-03-23T13:42:50.025Z - info: Pages built
2020-03-23T13:42:51.092Z - info: Website generation complete! Total build time: 6.718s
2020-03-23T13:42:51.092Z - info: Build success!
2020-03-23T13:42:51.093Z - info: Site data built
2020-03-23T13:43:05.889Z - info: Website generation started at 9:43:05 PM
2020-03-23T13:43:05.943Z - info: Building assets...
2020-03-23T13:43:05.981Z - info: Assets built
2020-03-23T13:43:05.982Z - info: Generating pages...
2020-03-23T13:43:11.486Z - info: Pages built
2020-03-23T13:43:12.558Z - info: Website generation complete! Total build time: 6.694s
2020-03-23T13:43:12.558Z - info: Build success!
2020-03-23T13:43:12.559Z - info: Site data built
2020-03-23T13:53:18.894Z - info: Website generation started at 9:53:18 PM
2020-03-23T13:53:18.946Z - info: Building assets...
2020-03-23T13:53:18.991Z - info: Assets built
2020-03-23T13:53:18.992Z - info: Generating pages...
2020-03-23T13:53:24.854Z - info: Pages built
2020-03-23T13:53:25.928Z - info: Website generation complete! Total build time: 7.056s
2020-03-23T13:53:25.946Z - info: Serving "C:\Users\Ze Yu\Desktop\markbind\docs\_site" at http://127.0.0.1:8080
2020-03-23T13:53:25.947Z - info: Press CTRL+C to stop ...
2020-03-23T13:53:25.952Z - info: Site data built
2020-03-23T13:54:22.642Z - info: Website generation started at 9:54:22 PM
2020-03-23T13:54:22.695Z - info: Building assets...
2020-03-23T13:54:22.726Z - info: Assets built
2020-03-23T13:54:22.726Z - info: Generating pages...
2020-03-23T13:54:28.171Z - info: Pages built
2020-03-23T13:54:29.234Z - info: Website generation complete! Total build time: 6.614s
2020-03-23T13:54:29.251Z - info: Serving "C:\Users\Ze Yu\Desktop\markbind\docs\_site" at http://127.0.0.1:8080
2020-03-23T13:54:29.251Z - info: Press CTRL+C to stop ...
2020-03-23T13:54:29.264Z - info: Site data built
2020-03-23T13:55:20.206Z - info: Website generation started at 9:55:20 PM
2020-03-23T13:55:20.259Z - info: Building assets...
2020-03-23T13:55:20.304Z - info: Assets built
2020-03-23T13:55:20.304Z - info: Generating pages...
2020-03-23T13:55:26.166Z - info: Pages built
2020-03-23T13:55:27.213Z - info: Website generation complete! Total build time: 7.029s
2020-03-23T13:55:27.231Z - info: Serving "C:\Users\Ze Yu\Desktop\markbind\docs\_site" at http://127.0.0.1:8080
2020-03-23T13:55:27.232Z - info: Press CTRL+C to stop ...
2020-03-23T13:55:27.239Z - info: Site data built
